<?xml version="1.0" encoding="UTF-8"?>
<!-- Generated by org.testng.reporters.JUnitXMLReporter -->
<testsuite ignored="0" hostname="DESKTOP-A0JPN83" failures="4" tests="4" name="Regression1" time="28.978" errors="0" timestamp="30 Apr 2022 15:21:55 GMT">
  <testcase classname="com.onlineBank.testscripts.TC001_LoginLogout" name="tc001" time="5.77">
    <failure type="java.lang.Error" message="Unresolved compilation problem: 
">
      <![CDATA[java.lang.Error: Unresolved compilation problem: 

at com.onlineBank.utility.Log.info(Log.java:9)
at com.onlineBank.lib.General.openApplication(General.java:21)
at com.onlineBank.testscripts.TC001_LoginLogout.tc001(TC001_LoginLogout.java:14)
... Removed 25 stack frames]]>
    </failure>
  </testcase> <!-- tc001 -->
  <testcase classname="com.onlineBank.testscripts.TC005" name="tc005" time="5.447">
    <failure type="java.lang.Error" message="Unresolved compilation problem: 
">
      <![CDATA[java.lang.Error: Unresolved compilation problem: 

at com.onlineBank.utility.Log.info(Log.java:9)
at com.onlineBank.lib.General.openApplication(General.java:21)
at com.onlineBank.testscripts.TC005.tc005(TC005.java:14)
... Removed 25 stack frames]]>
    </failure>
  </testcase> <!-- tc005 -->
  <testcase classname="com.onlineBank.testscripts.TC002_BranchReg" name="tc002" time="7.505">
    <failure type="java.lang.Error" message="Unresolved compilation problem: 
">
      <![CDATA[java.lang.Error: Unresolved compilation problem: 

at com.onlineBank.utility.Log.info(Log.java:9)
at com.onlineBank.lib.General.openApplication(General.java:21)
at com.onlineBank.testscripts.TC002_BranchReg.tc002(TC002_BranchReg.java:14)
... Removed 25 stack frames]]>
    </failure>
  </testcase> <!-- tc002 -->
  <testcase classname="com.onlineBank.testscripts.TC003_RegisterEmp" name="tc003" time="10.114">
    <failure type="java.lang.Error" message="Unresolved compilation problem: 
">
      <![CDATA[java.lang.Error: Unresolved compilation problem: 

at com.onlineBank.utility.Log.info(Log.java:9)
at com.onlineBank.lib.General.openApplication(General.java:21)
at com.onlineBank.testscripts.TC003_RegisterEmp.tc003(TC003_RegisterEmp.java:14)
... Removed 25 stack frames]]>
    </failure>
  </testcase> <!-- tc003 -->
</testsuite> <!-- Regression1 -->
